Using pre-set license
Built from '2020.3/staging' branch; Version is '2020.3.4f1 (0abb6314276a) revision 703331'; Using compiler version '192528614'; Build Type 'Release'
OS: 'Windows 10 Pro; OS build 19042.985; Version 2009; 64bit' Language: 'en' Physical Memory: 7981 MB
BatchMode: 1, IsHumanControllingUs: 0, StartBugReporterOnCrash: 0, Is64bit: 1, IsPro: 0

 COMMAND LINE ARGUMENTS:
C:\Program Files\Unity\Hub\Editor\2020.3.4f1\Editor\Unity.exe
-adb2
-batchMode
-noUpm
-name
AssetImportWorker0
-projectPath
C:/Users/Burak/Desktop/Desktop/Burak/Games/Portal 2D
-logFile
Logs/AssetImportWorker0.log
-srvPort
52184
Successfully changed project path to: C:/Users/Burak/Desktop/Desktop/Burak/Games/Portal 2D
C:/Users/Burak/Desktop/Desktop/Burak/Games/Portal 2D
Using Asset Import Pipeline V2.
Refreshing native plugins compatible for Editor in 35.84 ms, found 1 plugins.
Preloading 0 native plugins for Editor in 0.00 ms.
Initialize engine version: 2020.3.4f1 (0abb6314276a)
[Subsystems] Discovering subsystems at path C:/Program Files/Unity/Hub/Editor/2020.3.4f1/Editor/Data/Resources/UnitySubsystems
[Subsystems] Discovering subsystems at path C:/Users/Burak/Desktop/Desktop/Burak/Games/Portal 2D/Assets
GfxDevice: creating device client; threaded=0
Direct3D:
    Version:  Direct3D 11.0 [level 11.1]
    Renderer: NVIDIA GeForce GTX 1650 Ti (ID=0x1f95)
    Vendor:   
    VRAM:     3962 MB
    Driver:   27.21.14.6627
Initialize mono
Mono path[0] = 'C:/Program Files/Unity/Hub/Editor/2020.3.4f1/Editor/Data/Managed'
Mono path[1] = 'C:/Program Files/Unity/Hub/Editor/2020.3.4f1/Editor/Data/MonoBleedingEdge/lib/mono/unityjit'
Mono config path = 'C:/Program Files/Unity/Hub/Editor/2020.3.4f1/Editor/Data/MonoBleedingEdge/etc'
Using monoOptions --debugger-agent=transport=dt_socket,embedding=1,server=y,suspend=n,address=127.0.0.1:56960
Begin MonoManager ReloadAssembly
Registering precompiled unity dll's ...
Register platform support module: C:/Program Files/Unity/Hub/Editor/2020.3.4f1/Editor/Data/PlaybackEngines/WindowsStandaloneSupport/UnityEditor.WindowsStandalone.Extensions.dll
Registered in 0.001447 seconds.
Native extension for WindowsStandalone target not found
Refreshing native plugins compatible for Editor in 33.00 ms, found 1 plugins.
Preloading 0 native plugins for Editor in 0.00 ms.
Mono: successfully reloaded assembly
- Completed reload, in  0.895 seconds
Platform modules already initialized, skipping
Registering precompiled user dll's ...
Registered in 0.000720 seconds.
Begin MonoManager ReloadAssembly
Native extension for WindowsStandalone target not found
Refreshing native plugins compatible for Editor in 32.88 ms, found 1 plugins.
Preloading 0 native plugins for Editor in 0.00 ms.
Mono: successfully reloaded assembly
- Completed reload, in  0.835 seconds
Platform modules already initialized, skipping
========================================================================
Worker process is ready to serve import requests
Launched and connected shader compiler UnityShaderCompiler.exe after 0.04 seconds
Refreshing native plugins compatible for Editor in 0.35 ms, found 1 plugins.
Preloading 0 native plugins for Editor in 0.00 ms.
Unloading 1808 Unused Serialized files (Serialized files now loaded: 0)
System memory in use before: 84.8 MB.
System memory in use after: 84.8 MB.

Unloading 24 unused Assets to reduce memory usage. Loaded Objects now: 2250.
Total: 1.929200 ms (FindLiveObjects: 0.224100 ms CreateObjectMapping: 0.095400 ms MarkObjects: 1.499600 ms  DeleteObjects: 0.108900 ms)

========================================================================
Received Import Request.
  path: Assets
  artifactKey: Guid(00000000000000001000000000000000) Importer(815301076,1909f56bfc062723c751e8b465ee728b)
Start importing Assets using Guid(00000000000000001000000000000000) Importer(815301076,1909f56bfc062723c751e8b465ee728b)  -> (artifact id: '025e4f587c23674256bb898581e82961') in 0.010293 seconds
  Import took 0.013460 seconds .

========================================================================
Received Import Request.
  Time since last request: 0.830097 seconds.
  path: Assets/Sprites
  artifactKey: Guid(3983309323c0e30498c58f271cc64477) Importer(815301076,1909f56bfc062723c751e8b465ee728b)
Start importing Assets/Sprites using Guid(3983309323c0e30498c58f271cc64477) Importer(815301076,1909f56bfc062723c751e8b465ee728b)  -> (artifact id: '25a6a952e39b33483a68cfa7dec068aa') in 0.008213 seconds
  Import took 0.012055 seconds .

========================================================================
Received Import Request.
  Time since last request: 5.523042 seconds.
  path: Assets/Scripts
  artifactKey: Guid(e85dfbb74939fcc4dbfdfcee1c67e5a6) Importer(815301076,1909f56bfc062723c751e8b465ee728b)
Start importing Assets/Scripts using Guid(e85dfbb74939fcc4dbfdfcee1c67e5a6) Importer(815301076,1909f56bfc062723c751e8b465ee728b)  -> (artifact id: '207ee50b981e955ce05abfcb36bb71ec') in 0.007033 seconds
  Import took 0.009894 seconds .

========================================================================
Received Import Request.
  Time since last request: 107.013115 seconds.
  path: Assets/Sprites/Background.png
  artifactKey: Guid(15f7f522a7311f942aa3b302913713de) Importer(815301076,1909f56bfc062723c751e8b465ee728b)
Start importing Assets/Sprites/Background.png using Guid(15f7f522a7311f942aa3b302913713de) Importer(815301076,1909f56bfc062723c751e8b465ee728b)  -> (artifact id: '3277409226c135992892ac9d32adae4c') in 0.120106 seconds
  Import took 0.123621 seconds .

========================================================================
Received Import Request.
  Time since last request: 0.000170 seconds.
  path: Assets/Sprites/Başlıksız-1.png
  artifactKey: Guid(84e572fca79613244a72f0f705d0fadf) Importer(815301076,1909f56bfc062723c751e8b465ee728b)
Start importing Assets/Sprites/Başlıksız-1.png using Guid(84e572fca79613244a72f0f705d0fadf) Importer(815301076,1909f56bfc062723c751e8b465ee728b)  -> (artifact id: 'a1a0f8e398ad71a8b19de6e0b08af538') in 0.024031 seconds
  Import took 0.026986 seconds .

========================================================================
Received Import Request.
  Time since last request: 73.427599 seconds.
  path: Assets/Sprites/Başlıksız-1.png
  artifactKey: Guid(84e572fca79613244a72f0f705d0fadf) Importer(815301076,1909f56bfc062723c751e8b465ee728b)
Start importing Assets/Sprites/Başlıksız-1.png using Guid(84e572fca79613244a72f0f705d0fadf) Importer(815301076,1909f56bfc062723c751e8b465ee728b)  -> (artifact id: '1835e7847b38dbcad32ae6a11a4c0e66') in 0.016257 seconds
  Import took 0.019994 seconds .

========================================================================
Received Import Request.
  Time since last request: 9.334959 seconds.
  path: Assets/Sprites/Başlıksız-1.png
  artifactKey: Guid(84e572fca79613244a72f0f705d0fadf) Importer(815301076,1909f56bfc062723c751e8b465ee728b)
Start importing Assets/Sprites/Başlıksız-1.png using Guid(84e572fca79613244a72f0f705d0fadf) Importer(815301076,1909f56bfc062723c751e8b465ee728b)  -> (artifact id: 'aa95b959980418fe314cafa3ec60d7c5') in 0.045563 seconds
  Import took 0.052246 seconds .

========================================================================
Received Import Request.
  Time since last request: 65.262658 seconds.
  path: Assets/Scripts/Player.cs
  artifactKey: Guid(732bfcf01ad0c364dbf00edf69c1635a) Importer(815301076,1909f56bfc062723c751e8b465ee728b)
Start importing Assets/Scripts/Player.cs using Guid(732bfcf01ad0c364dbf00edf69c1635a) Importer(815301076,1909f56bfc062723c751e8b465ee728b)  -> (artifact id: 'aecf0f7550724da103daff85725a6d37') in 0.016643 seconds
  Import took 0.023512 seconds .

========================================================================
Received Import Request.
  Time since last request: 0.007621 seconds.
  path: Assets/Scripts/Player.cs
  artifactKey: Guid(732bfcf01ad0c364dbf00edf69c1635a) Importer(815301076,1909f56bfc062723c751e8b465ee728b)
Start importing Assets/Scripts/Player.cs using Guid(732bfcf01ad0c364dbf00edf69c1635a) Importer(815301076,1909f56bfc062723c751e8b465ee728b)  -> (artifact id: 'aecf0f7550724da103daff85725a6d37') in 0.003007 seconds
  Import took 0.007319 seconds .

========================================================================
Received Prepare
Registering precompiled user dll's ...
Registered in 0.000859 seconds.
Begin MonoManager ReloadAssembly
Native extension for WindowsStandalone target not found
Refreshing native plugins compatible for Editor in 0.33 ms, found 1 plugins.
Preloading 0 native plugins for Editor in 0.00 ms.
Mono: successfully reloaded assembly
- Completed reload, in  0.818 seconds
Platform modules already initialized, skipping
Refreshing native plugins compatible for Editor in 0.35 ms, found 1 plugins.
Preloading 0 native plugins for Editor in 0.00 ms.
Unloading 1804 Unused Serialized files (Serialized files now loaded: 0)
System memory in use before: 87.9 MB.
System memory in use after: 87.8 MB.

Unloading 12 unused Assets to reduce memory usage. Loaded Objects now: 2267.
Total: 1.813600 ms (FindLiveObjects: 0.261200 ms CreateObjectMapping: 0.076400 ms MarkObjects: 1.383800 ms  DeleteObjects: 0.090900 ms)

========================================================================
Received Prepare
Registering precompiled user dll's ...
Registered in 0.001022 seconds.
Begin MonoManager ReloadAssembly
Native extension for WindowsStandalone target not found
Refreshing native plugins compatible for Editor in 0.77 ms, found 1 plugins.
Preloading 0 native plugins for Editor in 0.00 ms.
Mono: successfully reloaded assembly
- Completed reload, in  0.871 seconds
Platform modules already initialized, skipping
Refreshing native plugins compatible for Editor in 0.37 ms, found 1 plugins.
Preloading 0 native plugins for Editor in 0.00 ms.
Unloading 1804 Unused Serialized files (Serialized files now loaded: 0)
System memory in use before: 87.9 MB.
System memory in use after: 87.9 MB.

Unloading 12 unused Assets to reduce memory usage. Loaded Objects now: 2271.
Total: 1.963100 ms (FindLiveObjects: 0.193100 ms CreateObjectMapping: 0.065900 ms MarkObjects: 1.606800 ms  DeleteObjects: 0.096600 ms)

========================================================================
Received Import Request.
  Time since last request: 154.252514 seconds.
  path: ProjectSettings/TagManager.asset
  artifactKey: Guid(00000000000000003000000000000000) Importer(815301076,1909f56bfc062723c751e8b465ee728b)
Start importing ProjectSettings/TagManager.asset using Guid(00000000000000003000000000000000) Importer(815301076,1909f56bfc062723c751e8b465ee728b)  -> (artifact id: '412dcb57b31f49cb50955ec4e4cd9f98') in 0.023911 seconds
  Import took 0.028860 seconds .

========================================================================
Received Prepare
Registering precompiled user dll's ...
Registered in 0.000834 seconds.
Begin MonoManager ReloadAssembly
Native extension for WindowsStandalone target not found
Refreshing native plugins compatible for Editor in 0.33 ms, found 1 plugins.
Preloading 0 native plugins for Editor in 0.00 ms.
Mono: successfully reloaded assembly
- Completed reload, in  0.867 seconds
Platform modules already initialized, skipping
Refreshing native plugins compatible for Editor in 0.34 ms, found 1 plugins.
Preloading 0 native plugins for Editor in 0.00 ms.
Unloading 1805 Unused Serialized files (Serialized files now loaded: 0)
System memory in use before: 88.0 MB.
System memory in use after: 87.9 MB.

Unloading 13 unused Assets to reduce memory usage. Loaded Objects now: 2276.
Total: 3.413300 ms (FindLiveObjects: 0.488300 ms CreateObjectMapping: 0.150500 ms MarkObjects: 2.680800 ms  DeleteObjects: 0.092600 ms)

========================================================================
Received Import Request.
  Time since last request: 44.741622 seconds.
  path: Assets/Scripts/PortalPos.cs
  artifactKey: Guid(00bf084cbba6dce46910ee4f4cfd48c3) Importer(815301076,1909f56bfc062723c751e8b465ee728b)
Start importing Assets/Scripts/PortalPos.cs using Guid(00bf084cbba6dce46910ee4f4cfd48c3) Importer(815301076,1909f56bfc062723c751e8b465ee728b)  -> (artifact id: '798ada376289844a3ec3a68911251f24') in 0.008202 seconds
  Import took 0.011772 seconds .

========================================================================
Received Prepare
Registering precompiled user dll's ...
Registered in 0.000708 seconds.
Begin MonoManager ReloadAssembly
Native extension for WindowsStandalone target not found
Refreshing native plugins compatible for Editor in 0.39 ms, found 1 plugins.
Preloading 0 native plugins for Editor in 0.00 ms.
Mono: successfully reloaded assembly
- Completed reload, in  0.820 seconds
Platform modules already initialized, skipping
Refreshing native plugins compatible for Editor in 0.42 ms, found 1 plugins.
Preloading 0 native plugins for Editor in 0.00 ms.
Unloading 1805 Unused Serialized files (Serialized files now loaded: 0)
System memory in use before: 88.0 MB.
System memory in use after: 87.9 MB.

Unloading 12 unused Assets to reduce memory usage. Loaded Objects now: 2280.
Total: 2.435900 ms (FindLiveObjects: 0.156700 ms CreateObjectMapping: 0.051500 ms MarkObjects: 2.074600 ms  DeleteObjects: 0.151600 ms)

========================================================================
Received Prepare
Registering precompiled user dll's ...
Registered in 0.000990 seconds.
Begin MonoManager ReloadAssembly
Native extension for WindowsStandalone target not found
Refreshing native plugins compatible for Editor in 0.36 ms, found 1 plugins.
Preloading 0 native plugins for Editor in 0.00 ms.
Mono: successfully reloaded assembly
- Completed reload, in  0.772 seconds
Platform modules already initialized, skipping
Refreshing native plugins compatible for Editor in 0.32 ms, found 1 plugins.
Preloading 0 native plugins for Editor in 0.00 ms.
Unloading 1805 Unused Serialized files (Serialized files now loaded: 0)
System memory in use before: 88.0 MB.
System memory in use after: 88.0 MB.

Unloading 12 unused Assets to reduce memory usage. Loaded Objects now: 2284.
Total: 2.087200 ms (FindLiveObjects: 0.205000 ms CreateObjectMapping: 0.076100 ms MarkObjects: 1.663500 ms  DeleteObjects: 0.141500 ms)

========================================================================
Received Prepare
Registering precompiled user dll's ...
Registered in 0.000860 seconds.
Begin MonoManager ReloadAssembly
Native extension for WindowsStandalone target not found
Refreshing native plugins compatible for Editor in 0.66 ms, found 1 plugins.
Preloading 0 native plugins for Editor in 0.00 ms.
Mono: successfully reloaded assembly
- Completed reload, in  0.840 seconds
Platform modules already initialized, skipping
Refreshing native plugins compatible for Editor in 0.33 ms, found 1 plugins.
Preloading 0 native plugins for Editor in 0.00 ms.
Unloading 1806 Unused Serialized files (Serialized files now loaded: 0)
System memory in use before: 88.0 MB.
System memory in use after: 88.0 MB.

Unloading 12 unused Assets to reduce memory usage. Loaded Objects now: 2289.
Total: 2.241900 ms (FindLiveObjects: 0.362700 ms CreateObjectMapping: 0.146800 ms MarkObjects: 1.629100 ms  DeleteObjects: 0.102000 ms)

========================================================================
Received Import Request.
  Time since last request: 190.617344 seconds.
  path: Assets/Scripts/Portal.cs
  artifactKey: Guid(ee61c5afc1a68f3499ef9d7293040cd3) Importer(815301076,1909f56bfc062723c751e8b465ee728b)
Start importing Assets/Scripts/Portal.cs using Guid(ee61c5afc1a68f3499ef9d7293040cd3) Importer(815301076,1909f56bfc062723c751e8b465ee728b)  -> (artifact id: '79d408756dafb5614dba15a595cdbb7c') in 0.009117 seconds
  Import took 0.012047 seconds .

========================================================================
Received Prepare
Registering precompiled user dll's ...
Registered in 0.002002 seconds.
Begin MonoManager ReloadAssembly
Native extension for WindowsStandalone target not found
Refreshing native plugins compatible for Editor in 0.39 ms, found 1 plugins.
Preloading 0 native plugins for Editor in 0.00 ms.
Mono: successfully reloaded assembly
- Completed reload, in  0.798 seconds
Platform modules already initialized, skipping
Refreshing native plugins compatible for Editor in 0.32 ms, found 1 plugins.
Preloading 0 native plugins for Editor in 0.00 ms.
Unloading 1806 Unused Serialized files (Serialized files now loaded: 0)
System memory in use before: 88.1 MB.
System memory in use after: 88.0 MB.

Unloading 12 unused Assets to reduce memory usage. Loaded Objects now: 2293.
Total: 2.528000 ms (FindLiveObjects: 0.658100 ms CreateObjectMapping: 0.067700 ms MarkObjects: 1.612600 ms  DeleteObjects: 0.185000 ms)

========================================================================
Received Prepare
Registering precompiled user dll's ...
Registered in 0.002915 seconds.
Begin MonoManager ReloadAssembly
Native extension for WindowsStandalone target not found
Refreshing native plugins compatible for Editor in 0.32 ms, found 1 plugins.
Preloading 0 native plugins for Editor in 0.00 ms.
Mono: successfully reloaded assembly
- Completed reload, in  0.867 seconds
Platform modules already initialized, skipping
Refreshing native plugins compatible for Editor in 0.32 ms, found 1 plugins.
Preloading 0 native plugins for Editor in 0.00 ms.
Unloading 1806 Unused Serialized files (Serialized files now loaded: 0)
System memory in use before: 88.1 MB.
System memory in use after: 88.0 MB.

Unloading 12 unused Assets to reduce memory usage. Loaded Objects now: 2297.
Total: 6.379100 ms (FindLiveObjects: 0.723400 ms CreateObjectMapping: 0.353900 ms MarkObjects: 5.071700 ms  DeleteObjects: 0.226700 ms)

========================================================================
Received Prepare
Registering precompiled user dll's ...
Registered in 0.000802 seconds.
Begin MonoManager ReloadAssembly
Native extension for WindowsStandalone target not found
Refreshing native plugins compatible for Editor in 0.33 ms, found 1 plugins.
Preloading 0 native plugins for Editor in 0.00 ms.
Mono: successfully reloaded assembly
- Completed reload, in  0.792 seconds
Platform modules already initialized, skipping
Refreshing native plugins compatible for Editor in 0.37 ms, found 1 plugins.
Preloading 0 native plugins for Editor in 0.00 ms.
Unloading 1806 Unused Serialized files (Serialized files now loaded: 0)
System memory in use before: 88.1 MB.
System memory in use after: 88.0 MB.

Unloading 12 unused Assets to reduce memory usage. Loaded Objects now: 2301.
Total: 3.669200 ms (FindLiveObjects: 0.478300 ms CreateObjectMapping: 0.172100 ms MarkObjects: 2.904200 ms  DeleteObjects: 0.112200 ms)

========================================================================
Received Prepare
Registering precompiled user dll's ...
Registered in 0.001543 seconds.
Begin MonoManager ReloadAssembly
Native extension for WindowsStandalone target not found
Refreshing native plugins compatible for Editor in 0.34 ms, found 1 plugins.
Preloading 0 native plugins for Editor in 0.00 ms.
Mono: successfully reloaded assembly
- Completed reload, in  0.835 seconds
Platform modules already initialized, skipping
Refreshing native plugins compatible for Editor in 0.32 ms, found 1 plugins.
Preloading 0 native plugins for Editor in 0.00 ms.
Unloading 1806 Unused Serialized files (Serialized files now loaded: 0)
System memory in use before: 88.1 MB.
System memory in use after: 88.1 MB.

Unloading 12 unused Assets to reduce memory usage. Loaded Objects now: 2305.
Total: 6.648900 ms (FindLiveObjects: 0.488700 ms CreateObjectMapping: 0.319000 ms MarkObjects: 5.488400 ms  DeleteObjects: 0.349500 ms)

========================================================================
Received Prepare
Registering precompiled user dll's ...
Registered in 0.001562 seconds.
Begin MonoManager ReloadAssembly
Native extension for WindowsStandalone target not found
Refreshing native plugins compatible for Editor in 0.48 ms, found 1 plugins.
Preloading 0 native plugins for Editor in 0.00 ms.
Mono: successfully reloaded assembly
- Completed reload, in  0.959 seconds
Platform modules already initialized, skipping
Refreshing native plugins compatible for Editor in 0.34 ms, found 1 plugins.
Preloading 0 native plugins for Editor in 0.00 ms.
Unloading 1806 Unused Serialized files (Serialized files now loaded: 0)
System memory in use before: 88.1 MB.
System memory in use after: 88.1 MB.

Unloading 12 unused Assets to reduce memory usage. Loaded Objects now: 2309.
Total: 3.093100 ms (FindLiveObjects: 0.294900 ms CreateObjectMapping: 0.171500 ms MarkObjects: 2.471700 ms  DeleteObjects: 0.153100 ms)

========================================================================
Received Prepare
Registering precompiled user dll's ...
Registered in 0.000740 seconds.
Begin MonoManager ReloadAssembly
Native extension for WindowsStandalone target not found
Refreshing native plugins compatible for Editor in 0.32 ms, found 1 plugins.
Preloading 0 native plugins for Editor in 0.00 ms.
Mono: successfully reloaded assembly
- Completed reload, in  0.699 seconds
Platform modules already initialized, skipping
Refreshing native plugins compatible for Editor in 0.32 ms, found 1 plugins.
Preloading 0 native plugins for Editor in 0.00 ms.
Unloading 1806 Unused Serialized files (Serialized files now loaded: 0)
System memory in use before: 88.1 MB.
System memory in use after: 88.1 MB.

Unloading 12 unused Assets to reduce memory usage. Loaded Objects now: 2313.
Total: 2.031600 ms (FindLiveObjects: 0.252400 ms CreateObjectMapping: 0.082800 ms MarkObjects: 1.603400 ms  DeleteObjects: 0.092100 ms)

AssetImportWorkerClient::OnTransportError - code=2 error=End of file
